<?xml version="1.0" encoding="UTF-8"?>
<!-- Generated by org.testng.reporters.JUnitReportReporter -->
<testsuite skipped="0" hostname="SupriyaKole" name="healthcareDomain2.MEDICARE" tests="2" failures="0" timestamp="2022-08-24T13:44:50 IST" time="33.819" errors="0">
  <testcase name="PARACETAMOL" time="20.358" classname="healthcareDomain2.MEDICARE"/>
  <system-out/>
  <testcase name="Login" time="13.461" classname="healthcareDomain2.MEDICARE"/>
  <system-out/>
</testsuite> <!-- healthcareDomain2.MEDICARE -->
